[ 2011-06-28T11:33:48+08:00 ] SQL: SHOW COLUMNS FROM `think_user` [ RunTime:0.001091s ]
[ 2011-06-28T11:33:48+08:00 ] SQL: SELECT * FROM `think_user` WHERE ( `account` = 'admin' ) AND ( `status` > 0 ) LIMIT 1  [ RunTime:0.000370s ]
[ 2011-06-28T11:33:48+08:00 ] SQL: UPDATE `think_user` SET `last_login_time`=1309232028,`login_count`=login_count+1,`last_login_ip`='127.0.0.1' WHERE ( `id` = '1' ) [ RunTime:0.000174s ]
[ 2011-06-28T11:33:48+08:00 ] SQL: SHOW COLUMNS FROM `think_group` [ RunTime:0.023887s ]
[ 2011-06-28T11:33:48+08:00 ] SQL: SELECT id,title FROM `think_group` WHERE status=1 [ RunTime:0.000226s ]
[ 2011-06-28T11:33:48+08:00 ] SQL: SHOW COLUMNS FROM `think_node` [ RunTime:0.047315s ]
[ 2011-06-28T11:33:48+08:00 ] SQL: SELECT `id` FROM `think_node` LIMIT 1  [ RunTime:0.014703s ]
[ 2011-06-28T11:33:48+08:00 ] SQL: SELECT id,name,group_id,title FROM `think_node` WHERE ( `level` = 2 ) AND ( `status` = 1 ) AND ( `pid` = '1' ) ORDER BY sort asc [ RunTime:0.012969s ]
[ 2011-06-28T11:33:48+08:00 ] NOTIC: [8] Undefined index: _ACCESS_LIST PublicAction.class.php 第 55 行.
[ 2011-06-28T11:33:48+08:00 ] NOTIC: [8] Undefined variable: menuTag a7e83d789bc162c582da59def6e0b6ea.php 第 22 行.
[ 2011-06-28T11:33:48+08:00 ] NOTIC: [8] Undefined variable: menuTag a7e83d789bc162c582da59def6e0b6ea.php 第 22 行.
[ 2011-06-28T11:33:48+08:00 ] NOTIC: [8] Undefined variable: menuTag a7e83d789bc162c582da59def6e0b6ea.php 第 22 行.
[ 2011-06-28T11:33:48+08:00 ] NOTIC: [8] Undefined variable: menuTag a7e83d789bc162c582da59def6e0b6ea.php 第 22 行.
[ 2011-06-28T11:33:48+08:00 ] NOTIC: [8] Undefined variable: menuTag a7e83d789bc162c582da59def6e0b6ea.php 第 22 行.
[ 2011-06-28T11:33:48+08:00 ] NOTIC: [8] Undefined variable: menuTag a7e83d789bc162c582da59def6e0b6ea.php 第 22 行.
[ 2011-06-28T11:33:48+08:00 ] NOTIC: [8] Undefined variable: menuTag a7e83d789bc162c582da59def6e0b6ea.php 第 22 行.
[ 2011-06-28T11:33:48+08:00 ] NOTIC: [8] Undefined variable: menuTag a7e83d789bc162c582da59def6e0b6ea.php 第 22 行.
[ 2011-06-28T11:33:48+08:00 ] NOTIC: [8] Undefined variable: menuTag a7e83d789bc162c582da59def6e0b6ea.php 第 22 行.
[ 2011-06-28T11:34:20+08:00 ] NOTIC: [8] Use of undefined constant coin_1 - assumed 'coin_1' Test2Action.class.php 第 6 行.
[ 2011-06-28T11:34:22+08:00 ] NOTIC: [8] Use of undefined constant coin_1 - assumed 'coin_1' Test2Action.class.php 第 6 行.
[ 2011-06-28T11:34:25+08:00 ] NOTIC: [8] Use of undefined constant coin_1 - assumed 'coin_1' Test2Action.class.php 第 6 行.
