[ 2011-06-27T11:44:08+08:00 ] SQL: SHOW COLUMNS FROM `think_user` [ RunTime:0.016633s ]
[ 2011-06-27T11:44:08+08:00 ] SQL: SELECT * FROM `think_user` WHERE ( `account` = 'admin' ) AND ( `status` > 0 ) LIMIT 1  [ RunTime:0.000522s ]
[ 2011-06-27T11:44:08+08:00 ] SQL: UPDATE `think_user` SET `last_login_time`=1309146248,`login_count`=login_count+1,`last_login_ip`='127.0.0.1' WHERE ( `id` = '1' ) [ RunTime:0.000191s ]
[ 2011-06-27T11:44:08+08:00 ] SQL: SHOW COLUMNS FROM `think_node` [ RunTime:0.032124s ]
[ 2011-06-27T11:44:08+08:00 ] SQL: SELECT `id` FROM `think_node` LIMIT 1  [ RunTime:0.000289s ]
[ 2011-06-27T11:44:08+08:00 ] SQL: SELECT id,name,group_id,title FROM `think_node` WHERE ( `level` = 2 ) AND ( `status` = 1 ) AND ( `pid` = '1' ) ORDER BY sort asc [ RunTime:0.012762s ]
[ 2011-06-27T11:44:08+08:00 ] NOTIC: [8] Undefined index: _ACCESS_LIST PublicAction.class.php 第 55 行.
[ 2011-06-27T11:44:08+08:00 ] NOTIC: [8] Undefined variable: menuTag a7e83d789bc162c582da59def6e0b6ea.php 第 22 行.
[ 2011-06-27T11:44:08+08:00 ] NOTIC: [8] Undefined variable: menuTag a7e83d789bc162c582da59def6e0b6ea.php 第 22 行.
[ 2011-06-27T11:44:08+08:00 ] NOTIC: [8] Undefined variable: menuTag a7e83d789bc162c582da59def6e0b6ea.php 第 22 行.
[ 2011-06-27T11:44:08+08:00 ] NOTIC: [8] Undefined variable: menuTag a7e83d789bc162c582da59def6e0b6ea.php 第 22 行.
[ 2011-06-27T11:44:08+08:00 ] NOTIC: [8] Undefined variable: menuTag a7e83d789bc162c582da59def6e0b6ea.php 第 22 行.
[ 2011-06-27T11:44:08+08:00 ] NOTIC: [8] Undefined variable: menuTag a7e83d789bc162c582da59def6e0b6ea.php 第 22 行.
[ 2011-06-27T11:44:08+08:00 ] NOTIC: [8] Undefined variable: menuTag a7e83d789bc162c582da59def6e0b6ea.php 第 22 行.
[ 2011-06-27T11:44:08+08:00 ] SQL: SHOW COLUMNS FROM `think_group` [ RunTime:0.082173s ]
[ 2011-06-27T11:44:08+08:00 ] SQL: SELECT id,title FROM `think_group` WHERE status=1 [ RunTime:0.000569s ]
[ 2011-06-27T11:44:15+08:00 ] SQL: SHOW COLUMNS FROM `think_tablelist` [ RunTime:0.033636s ]
[ 2011-06-27T11:44:15+08:00 ] SQL: SELECT * FROM `think_tablelist` [ RunTime:0.010000s ]
[ 2011-06-27T11:44:43+08:00 ] SQL: SHOW COLUMNS FROM `think_group` [ RunTime:0.000736s ]
[ 2011-06-27T11:44:43+08:00 ] SQL: SELECT id,title FROM `think_group` WHERE status=1 [ RunTime:0.000219s ]
[ 2011-06-27T11:44:43+08:00 ] SQL: SHOW COLUMNS FROM `think_node` [ RunTime:0.000827s ]
[ 2011-06-27T11:44:43+08:00 ] NOTIC: [8] Undefined index: pid NodeAction.class.php 第 11 行.
[ 2011-06-27T11:44:43+08:00 ] SQL: SHOW COLUMNS FROM `think_node` [ RunTime:0.001446s ]
[ 2011-06-27T11:44:43+08:00 ] SQL: SELECT * FROM `think_node` WHERE ( `id` = 0 ) LIMIT 1  [ RunTime:0.000271s ]
[ 2011-06-27T11:44:43+08:00 ] SQL: SELECT COUNT(id) AS tp_count FROM `think_node` WHERE ( `pid` = 0 ) LIMIT 1  [ RunTime:0.000202s ]
[ 2011-06-27T11:44:43+08:00 ] SQL: SELECT * FROM `think_node` WHERE ( `pid` = 0 ) ORDER BY `id` desc LIMIT 0,20  [ RunTime:0.000257s ]
[ 2011-06-27T11:44:43+08:00 ] NOTIC: [8] Undefined index: sort TagLibHtml.class.php 第 430 行.
[ 2011-06-27T11:44:46+08:00 ] SQL: SHOW COLUMNS FROM `think_group` [ RunTime:0.000774s ]
[ 2011-06-27T11:44:46+08:00 ] SQL: SELECT * FROM `think_group` WHERE status=1 [ RunTime:0.000244s ]
[ 2011-06-27T11:44:46+08:00 ] SQL: SHOW COLUMNS FROM `think_node` [ RunTime:0.000913s ]
[ 2011-06-27T11:44:46+08:00 ] SQL: SELECT * FROM `think_node` WHERE ( `id` = '1' ) LIMIT 1  [ RunTime:0.000430s ]
[ 2011-06-27T11:44:48+08:00 ] SQL: SHOW COLUMNS FROM `think_group` [ RunTime:0.000826s ]
[ 2011-06-27T11:44:48+08:00 ] SQL: SELECT id,title FROM `think_group` WHERE status=1 [ RunTime:0.001002s ]
[ 2011-06-27T11:44:48+08:00 ] SQL: SHOW COLUMNS FROM `think_node` [ RunTime:0.000808s ]
[ 2011-06-27T11:44:48+08:00 ] NOTIC: [8] Undefined index: pid NodeAction.class.php 第 11 行.
[ 2011-06-27T11:44:48+08:00 ] SQL: SHOW COLUMNS FROM `think_node` [ RunTime:0.000827s ]
[ 2011-06-27T11:44:48+08:00 ] SQL: SELECT * FROM `think_node` WHERE ( `id` = 0 ) LIMIT 1  [ RunTime:0.000321s ]
[ 2011-06-27T11:44:48+08:00 ] SQL: SELECT COUNT(id) AS tp_count FROM `think_node` WHERE ( `pid` = 0 ) LIMIT 1  [ RunTime:0.000186s ]
[ 2011-06-27T11:44:48+08:00 ] SQL: SELECT * FROM `think_node` WHERE ( `pid` = 0 ) ORDER BY `id` desc LIMIT 0,20  [ RunTime:0.000169s ]
[ 2011-06-27T11:44:50+08:00 ] SQL: SHOW COLUMNS FROM `think_group` [ RunTime:0.000918s ]
[ 2011-06-27T11:44:50+08:00 ] SQL: SELECT id,title FROM `think_group` WHERE status=1 [ RunTime:0.000874s ]
[ 2011-06-27T11:44:50+08:00 ] SQL: SHOW COLUMNS FROM `think_node` [ RunTime:0.000852s ]
[ 2011-06-27T11:44:50+08:00 ] SQL: SHOW COLUMNS FROM `think_node` [ RunTime:0.001047s ]
[ 2011-06-27T11:44:50+08:00 ] SQL: SELECT * FROM `think_node` WHERE ( `id` = '1' ) LIMIT 1  [ RunTime:0.000273s ]
[ 2011-06-27T11:44:50+08:00 ] SQL: SELECT COUNT(id) AS tp_count FROM `think_node` WHERE ( `pid` = '1' ) LIMIT 1  [ RunTime:0.000155s ]
[ 2011-06-27T11:44:50+08:00 ] SQL: SELECT * FROM `think_node` WHERE ( `pid` = '1' ) ORDER BY `id` desc LIMIT 0,20  [ RunTime:0.000200s ]
[ 2011-06-27T11:44:50+08:00 ] SQL: SHOW COLUMNS FROM `think_group` [ RunTime:0.000869s ]
[ 2011-06-27T11:44:50+08:00 ] SQL: SELECT id,title FROM `think_group` [ RunTime:0.000127s ]
[ 2011-06-27T11:44:52+08:00 ] SQL: SHOW COLUMNS FROM `think_group` [ RunTime:0.000807s ]
[ 2011-06-27T11:44:52+08:00 ] SQL: SELECT * FROM `think_group` WHERE status=1 [ RunTime:0.001172s ]
[ 2011-06-27T11:44:52+08:00 ] SQL: SHOW COLUMNS FROM `think_node` [ RunTime:0.000674s ]
[ 2011-06-27T11:44:52+08:00 ] SQL: SELECT * FROM `think_node` WHERE ( `id` = '1' ) LIMIT 1  [ RunTime:0.000265s ]
[ 2011-06-27T11:45:18+08:00 ] SQL: SHOW COLUMNS FROM `think_node` [ RunTime:0.000826s ]
[ 2011-06-27T11:45:18+08:00 ] SQL: SELECT `id` FROM `think_node` WHERE ( `name` = 'Test1' ) AND ( `pid` = '1' ) AND ( `status` = 1 ) LIMIT 1  [ RunTime:0.001128s ]
[ 2011-06-27T11:45:18+08:00 ] SQL: INSERT INTO `think_node` (`name`,`title`,`status`,`remark`,`pid`,`level`,`group_id`) VALUES ('Test1','正则表达式练习','1','','1','2','2') [ RunTime:0.000180s ]
[ 2011-06-27T11:45:45+08:00 ] SQL: SHOW COLUMNS FROM `think_user` [ RunTime:0.000950s ]
[ 2011-06-27T11:45:45+08:00 ] SQL: SELECT * FROM `think_user` WHERE ( `account` = 'admin' ) AND ( `status` > 0 ) LIMIT 1  [ RunTime:0.000219s ]
[ 2011-06-27T11:45:56+08:00 ] SQL: SHOW COLUMNS FROM `think_user` [ RunTime:0.001371s ]
[ 2011-06-27T11:45:56+08:00 ] SQL: SELECT * FROM `think_user` WHERE ( `account` = 'admin' ) AND ( `status` > 0 ) LIMIT 1  [ RunTime:0.001020s ]
[ 2011-06-27T11:45:59+08:00 ] SQL: SHOW COLUMNS FROM `think_user` [ RunTime:0.000936s ]
[ 2011-06-27T11:45:59+08:00 ] SQL: SELECT * FROM `think_user` WHERE ( `account` = 'admin' ) AND ( `status` > 0 ) LIMIT 1  [ RunTime:0.001018s ]
[ 2011-06-27T11:46:09+08:00 ] SQL: SHOW COLUMNS FROM `think_user` [ RunTime:0.000976s ]
[ 2011-06-27T11:46:09+08:00 ] SQL: SELECT * FROM `think_user` WHERE ( `account` = 'admin' ) AND ( `status` > 0 ) LIMIT 1  [ RunTime:0.000916s ]
[ 2011-06-27T11:46:15+08:00 ] SQL: SHOW COLUMNS FROM `think_user` [ RunTime:0.001315s ]
[ 2011-06-27T11:46:15+08:00 ] SQL: SELECT * FROM `think_user` WHERE ( `account` = 'admin' ) AND ( `status` > 0 ) LIMIT 1  [ RunTime:0.000970s ]
[ 2011-06-27T11:46:15+08:00 ] SQL: UPDATE `think_user` SET `last_login_time`=1309146375,`login_count`=login_count+1,`last_login_ip`='127.0.0.1' WHERE ( `id` = '1' ) [ RunTime:0.000171s ]
[ 2011-06-27T11:46:15+08:00 ] SQL: SHOW COLUMNS FROM `think_node` [ RunTime:0.000806s ]
[ 2011-06-27T11:46:15+08:00 ] SQL: SELECT `id` FROM `think_node` LIMIT 1  [ RunTime:0.000266s ]
[ 2011-06-27T11:46:15+08:00 ] SQL: SELECT id,name,group_id,title FROM `think_node` WHERE ( `level` = 2 ) AND ( `status` = 1 ) AND ( `pid` = '1' ) ORDER BY sort asc [ RunTime:0.000292s ]
[ 2011-06-27T11:46:15+08:00 ] NOTIC: [8] Undefined index: _ACCESS_LIST PublicAction.class.php 第 55 行.
[ 2011-06-27T11:46:15+08:00 ] NOTIC: [8] Undefined variable: menuTag a7e83d789bc162c582da59def6e0b6ea.php 第 22 行.
[ 2011-06-27T11:46:15+08:00 ] NOTIC: [8] Undefined variable: menuTag a7e83d789bc162c582da59def6e0b6ea.php 第 22 行.
[ 2011-06-27T11:46:15+08:00 ] NOTIC: [8] Undefined variable: menuTag a7e83d789bc162c582da59def6e0b6ea.php 第 22 行.
[ 2011-06-27T11:46:15+08:00 ] NOTIC: [8] Undefined variable: menuTag a7e83d789bc162c582da59def6e0b6ea.php 第 22 行.
[ 2011-06-27T11:46:15+08:00 ] NOTIC: [8] Undefined variable: menuTag a7e83d789bc162c582da59def6e0b6ea.php 第 22 行.
[ 2011-06-27T11:46:15+08:00 ] NOTIC: [8] Undefined variable: menuTag a7e83d789bc162c582da59def6e0b6ea.php 第 22 行.
[ 2011-06-27T11:46:15+08:00 ] NOTIC: [8] Undefined variable: menuTag a7e83d789bc162c582da59def6e0b6ea.php 第 22 行.
[ 2011-06-27T11:46:15+08:00 ] NOTIC: [8] Undefined variable: menuTag a7e83d789bc162c582da59def6e0b6ea.php 第 22 行.
[ 2011-06-27T11:46:15+08:00 ] SQL: SHOW COLUMNS FROM `think_group` [ RunTime:0.000893s ]
[ 2011-06-27T11:46:15+08:00 ] SQL: SELECT id,title FROM `think_group` WHERE status=1 [ RunTime:0.000223s ]
[ 2011-06-27T11:51:40+08:00 ] SQL: SHOW COLUMNS FROM `think_tablelist` [ RunTime:0.000870s ]
[ 2011-06-27T11:51:40+08:00 ] SQL: SELECT * FROM `think_tablelist` [ RunTime:0.001013s ]
[ 2011-06-27T13:59:52+08:00 ] SQL: SHOW COLUMNS FROM `think_tablelist` [ RunTime:0.000650s ]
[ 2011-06-27T13:59:52+08:00 ] SQL: SELECT * FROM `think_tablelist` [ RunTime:0.000219s ]
[ 2011-06-27T14:40:56+08:00 ] NOTIC: [2] preg_match() [<a href='function.preg-match'>function.preg-match</a>]: Compilation failed: unknown property name after \P or \p at offset 26 Test1Action.class.php 第 24 行.
[ 2011-06-27T14:40:57+08:00 ] NOTIC: [2] preg_match() [<a href='function.preg-match'>function.preg-match</a>]: Compilation failed: unknown property name after \P or \p at offset 26 Test1Action.class.php 第 24 行.
[ 2011-06-27T15:16:48+08:00 ] NOTIC: [8] Undefined variable: menuTag a7e83d789bc162c582da59def6e0b6ea.php 第 22 行.
[ 2011-06-27T15:16:48+08:00 ] NOTIC: [8] Undefined variable: menuTag a7e83d789bc162c582da59def6e0b6ea.php 第 22 行.
[ 2011-06-27T15:16:48+08:00 ] NOTIC: [8] Undefined variable: menuTag a7e83d789bc162c582da59def6e0b6ea.php 第 22 行.
[ 2011-06-27T15:16:48+08:00 ] NOTIC: [8] Undefined variable: menuTag a7e83d789bc162c582da59def6e0b6ea.php 第 22 行.
[ 2011-06-27T15:16:48+08:00 ] NOTIC: [8] Undefined variable: menuTag a7e83d789bc162c582da59def6e0b6ea.php 第 22 行.
[ 2011-06-27T15:16:48+08:00 ] NOTIC: [8] Undefined variable: menuTag a7e83d789bc162c582da59def6e0b6ea.php 第 22 行.
[ 2011-06-27T15:16:48+08:00 ] NOTIC: [8] Undefined variable: menuTag a7e83d789bc162c582da59def6e0b6ea.php 第 22 行.
[ 2011-06-27T15:16:48+08:00 ] NOTIC: [8] Undefined variable: menuTag a7e83d789bc162c582da59def6e0b6ea.php 第 22 行.
[ 2011-06-27T15:16:57+08:00 ] SQL: SHOW COLUMNS FROM `think_group` [ RunTime:0.001132s ]
[ 2011-06-27T15:16:57+08:00 ] SQL: SELECT id,title FROM `think_group` WHERE status=1 [ RunTime:0.000221s ]
[ 2011-06-27T15:16:57+08:00 ] NOTIC: [8] Undefined variable: menuTag a7e83d789bc162c582da59def6e0b6ea.php 第 22 行.
[ 2011-06-27T15:16:57+08:00 ] NOTIC: [8] Undefined variable: menuTag a7e83d789bc162c582da59def6e0b6ea.php 第 22 行.
[ 2011-06-27T15:16:57+08:00 ] NOTIC: [8] Undefined variable: menuTag a7e83d789bc162c582da59def6e0b6ea.php 第 22 行.
[ 2011-06-27T15:16:57+08:00 ] NOTIC: [8] Undefined variable: menuTag a7e83d789bc162c582da59def6e0b6ea.php 第 22 行.
[ 2011-06-27T15:16:57+08:00 ] NOTIC: [8] Undefined variable: menuTag a7e83d789bc162c582da59def6e0b6ea.php 第 22 行.
[ 2011-06-27T15:16:57+08:00 ] NOTIC: [8] Undefined variable: menuTag a7e83d789bc162c582da59def6e0b6ea.php 第 22 行.
[ 2011-06-27T15:16:57+08:00 ] NOTIC: [8] Undefined variable: menuTag a7e83d789bc162c582da59def6e0b6ea.php 第 22 行.
[ 2011-06-27T15:16:57+08:00 ] NOTIC: [8] Undefined variable: menuTag a7e83d789bc162c582da59def6e0b6ea.php 第 22 行.
[ 2011-06-27T15:40:58+08:00 ] NOTIC: [2] preg_match() [<a href='function.preg-match'>function.preg-match</a>]: No ending delimiter '/' found Test1Action.class.php 第 37 行.
[ 2011-06-27T15:41:01+08:00 ] NOTIC: [2] preg_match() [<a href='function.preg-match'>function.preg-match</a>]: No ending delimiter '/' found Test1Action.class.php 第 37 行.
[ 2011-06-27T15:41:03+08:00 ] NOTIC: [2] preg_match() [<a href='function.preg-match'>function.preg-match</a>]: No ending delimiter '/' found Test1Action.class.php 第 37 行.
[ 2011-06-27T15:41:08+08:00 ] NOTIC: [2] preg_match() [<a href='function.preg-match'>function.preg-match</a>]: No ending delimiter '/' found Test1Action.class.php 第 37 行.
[ 2011-06-27T15:41:49+08:00 ] NOTIC: [2] preg_match() [<a href='function.preg-match'>function.preg-match</a>]: No ending delimiter '/' found Test1Action.class.php 第 37 行.
[ 2011-06-27T16:48:15+08:00 ] NOTIC: [8] Undefined variable: menuTag a7e83d789bc162c582da59def6e0b6ea.php 第 22 行.
[ 2011-06-27T16:48:15+08:00 ] NOTIC: [8] Undefined variable: menuTag a7e83d789bc162c582da59def6e0b6ea.php 第 22 行.
[ 2011-06-27T16:48:15+08:00 ] NOTIC: [8] Undefined variable: menuTag a7e83d789bc162c582da59def6e0b6ea.php 第 22 行.
[ 2011-06-27T16:48:15+08:00 ] NOTIC: [8] Undefined variable: menuTag a7e83d789bc162c582da59def6e0b6ea.php 第 22 行.
[ 2011-06-27T16:48:15+08:00 ] NOTIC: [8] Undefined variable: menuTag a7e83d789bc162c582da59def6e0b6ea.php 第 22 行.
[ 2011-06-27T16:48:15+08:00 ] NOTIC: [8] Undefined variable: menuTag a7e83d789bc162c582da59def6e0b6ea.php 第 22 行.
[ 2011-06-27T16:48:15+08:00 ] NOTIC: [8] Undefined variable: menuTag a7e83d789bc162c582da59def6e0b6ea.php 第 22 行.
[ 2011-06-27T16:48:15+08:00 ] NOTIC: [8] Undefined variable: menuTag a7e83d789bc162c582da59def6e0b6ea.php 第 22 行.
[ 2011-06-27T16:48:15+08:00 ] NOTIC: [8] Undefined variable: menuTag a7e83d789bc162c582da59def6e0b6ea.php 第 22 行.
[ 2011-06-27T16:48:15+08:00 ] NOTIC: [8] Undefined variable: menuTag a7e83d789bc162c582da59def6e0b6ea.php 第 22 行.
[ 2011-06-27T16:48:15+08:00 ] NOTIC: [8] Undefined variable: menuTag a7e83d789bc162c582da59def6e0b6ea.php 第 22 行.
[ 2011-06-27T16:48:15+08:00 ] NOTIC: [8] Undefined variable: menuTag a7e83d789bc162c582da59def6e0b6ea.php 第 22 行.
[ 2011-06-27T16:48:15+08:00 ] NOTIC: [8] Undefined variable: menuTag a7e83d789bc162c582da59def6e0b6ea.php 第 22 行.
[ 2011-06-27T16:48:15+08:00 ] NOTIC: [8] Undefined variable: menuTag a7e83d789bc162c582da59def6e0b6ea.php 第 22 行.
[ 2011-06-27T16:48:15+08:00 ] NOTIC: [8] Undefined variable: menuTag a7e83d789bc162c582da59def6e0b6ea.php 第 22 行.
[ 2011-06-27T16:48:15+08:00 ] NOTIC: [8] Undefined variable: menuTag a7e83d789bc162c582da59def6e0b6ea.php 第 22 行.
[ 2011-06-27T16:48:15+08:00 ] NOTIC: [8] Undefined variable: menuTag a7e83d789bc162c582da59def6e0b6ea.php 第 22 行.
[ 2011-06-27T16:48:15+08:00 ] NOTIC: [8] Undefined variable: menuTag a7e83d789bc162c582da59def6e0b6ea.php 第 22 行.
[ 2011-06-27T16:48:15+08:00 ] NOTIC: [8] Undefined variable: menuTag a7e83d789bc162c582da59def6e0b6ea.php 第 22 行.
[ 2011-06-27T16:48:15+08:00 ] NOTIC: [8] Undefined variable: menuTag a7e83d789bc162c582da59def6e0b6ea.php 第 22 行.
[ 2011-06-27T16:48:15+08:00 ] NOTIC: [8] Undefined variable: menuTag a7e83d789bc162c582da59def6e0b6ea.php 第 22 行.
[ 2011-06-27T16:48:15+08:00 ] NOTIC: [8] Undefined variable: menuTag a7e83d789bc162c582da59def6e0b6ea.php 第 22 行.
[ 2011-06-27T16:48:15+08:00 ] NOTIC: [8] Undefined variable: menuTag a7e83d789bc162c582da59def6e0b6ea.php 第 22 行.
[ 2011-06-27T16:48:15+08:00 ] NOTIC: [8] Undefined variable: menuTag a7e83d789bc162c582da59def6e0b6ea.php 第 22 行.
[ 2011-06-27T16:48:15+08:00 ] NOTIC: [8] Undefined variable: menuTag a7e83d789bc162c582da59def6e0b6ea.php 第 22 行.
[ 2011-06-27T16:48:15+08:00 ] NOTIC: [8] Undefined variable: menuTag a7e83d789bc162c582da59def6e0b6ea.php 第 22 行.
[ 2011-06-27T16:48:15+08:00 ] NOTIC: [8] Undefined variable: menuTag a7e83d789bc162c582da59def6e0b6ea.php 第 22 行.
[ 2011-06-27T16:48:15+08:00 ] NOTIC: [8] Undefined variable: menuTag a7e83d789bc162c582da59def6e0b6ea.php 第 22 行.
[ 2011-06-27T16:48:15+08:00 ] NOTIC: [8] Undefined variable: menuTag a7e83d789bc162c582da59def6e0b6ea.php 第 22 行.
[ 2011-06-27T16:48:15+08:00 ] NOTIC: [8] Undefined variable: menuTag a7e83d789bc162c582da59def6e0b6ea.php 第 22 行.
[ 2011-06-27T16:48:15+08:00 ] NOTIC: [8] Undefined variable: menuTag a7e83d789bc162c582da59def6e0b6ea.php 第 22 行.
[ 2011-06-27T16:48:15+08:00 ] NOTIC: [8] Undefined variable: menuTag a7e83d789bc162c582da59def6e0b6ea.php 第 22 行.
[ 2011-06-27T16:48:15+08:00 ] NOTIC: [8] Undefined variable: menuTag a7e83d789bc162c582da59def6e0b6ea.php 第 22 行.
[ 2011-06-27T16:48:15+08:00 ] NOTIC: [8] Undefined variable: menuTag a7e83d789bc162c582da59def6e0b6ea.php 第 22 行.
[ 2011-06-27T16:48:15+08:00 ] NOTIC: [8] Undefined variable: menuTag a7e83d789bc162c582da59def6e0b6ea.php 第 22 行.
[ 2011-06-27T16:48:15+08:00 ] NOTIC: [8] Undefined variable: menuTag a7e83d789bc162c582da59def6e0b6ea.php 第 22 行.
[ 2011-06-27T16:48:15+08:00 ] NOTIC: [8] Undefined variable: menuTag a7e83d789bc162c582da59def6e0b6ea.php 第 22 行.
[ 2011-06-27T16:48:15+08:00 ] NOTIC: [8] Undefined variable: menuTag a7e83d789bc162c582da59def6e0b6ea.php 第 22 行.
[ 2011-06-27T16:48:15+08:00 ] NOTIC: [8] Undefined variable: menuTag a7e83d789bc162c582da59def6e0b6ea.php 第 22 行.
[ 2011-06-27T16:48:15+08:00 ] NOTIC: [8] Undefined variable: menuTag a7e83d789bc162c582da59def6e0b6ea.php 第 22 行.
[ 2011-06-27T16:48:15+08:00 ] NOTIC: [8] Undefined variable: menuTag a7e83d789bc162c582da59def6e0b6ea.php 第 22 行.
[ 2011-06-27T16:48:15+08:00 ] NOTIC: [8] Undefined variable: menuTag a7e83d789bc162c582da59def6e0b6ea.php 第 22 行.
[ 2011-06-27T16:48:15+08:00 ] NOTIC: [8] Undefined variable: menuTag a7e83d789bc162c582da59def6e0b6ea.php 第 22 行.
[ 2011-06-27T16:48:15+08:00 ] SQL: SHOW COLUMNS FROM `think_group` [ RunTime:0.043163s ]
[ 2011-06-27T16:48:15+08:00 ] SQL: SELECT id,title FROM `think_group` WHERE status=1 [ RunTime:0.008377s ]
[ 2011-06-27T16:48:35+08:00 ] SQL: SHOW COLUMNS FROM `think_user` [ RunTime:0.001021s ]
[ 2011-06-27T16:48:35+08:00 ] SQL: SELECT * FROM `think_user` WHERE ( `account` = 'admin' ) AND ( `status` > 0 ) LIMIT 1  [ RunTime:0.000994s ]
[ 2011-06-27T16:48:35+08:00 ] SQL: UPDATE `think_user` SET `last_login_time`=1309164515,`login_count`=login_count+1,`last_login_ip`='127.0.0.1' WHERE ( `id` = '1' ) [ RunTime:0.000146s ]
[ 2011-06-27T16:48:35+08:00 ] SQL: SHOW COLUMNS FROM `think_node` [ RunTime:0.000807s ]
[ 2011-06-27T16:48:35+08:00 ] SQL: SELECT `id` FROM `think_node` LIMIT 1  [ RunTime:0.000293s ]
[ 2011-06-27T16:48:35+08:00 ] SQL: SELECT id,name,group_id,title FROM `think_node` WHERE ( `level` = 2 ) AND ( `status` = 1 ) AND ( `pid` = '1' ) ORDER BY sort asc [ RunTime:0.000295s ]
[ 2011-06-27T16:48:35+08:00 ] NOTIC: [8] Undefined index: _ACCESS_LIST PublicAction.class.php 第 55 行.
[ 2011-06-27T16:48:35+08:00 ] NOTIC: [8] Undefined variable: menuTag a7e83d789bc162c582da59def6e0b6ea.php 第 22 行.
[ 2011-06-27T16:48:35+08:00 ] NOTIC: [8] Undefined variable: menuTag a7e83d789bc162c582da59def6e0b6ea.php 第 22 行.
[ 2011-06-27T16:48:35+08:00 ] NOTIC: [8] Undefined variable: menuTag a7e83d789bc162c582da59def6e0b6ea.php 第 22 行.
[ 2011-06-27T16:48:35+08:00 ] NOTIC: [8] Undefined variable: menuTag a7e83d789bc162c582da59def6e0b6ea.php 第 22 行.
[ 2011-06-27T16:48:35+08:00 ] NOTIC: [8] Undefined variable: menuTag a7e83d789bc162c582da59def6e0b6ea.php 第 22 行.
[ 2011-06-27T16:48:35+08:00 ] NOTIC: [8] Undefined variable: menuTag a7e83d789bc162c582da59def6e0b6ea.php 第 22 行.
[ 2011-06-27T16:48:35+08:00 ] NOTIC: [8] Undefined variable: menuTag a7e83d789bc162c582da59def6e0b6ea.php 第 22 行.
[ 2011-06-27T16:48:35+08:00 ] NOTIC: [8] Undefined variable: menuTag a7e83d789bc162c582da59def6e0b6ea.php 第 22 行.
[ 2011-06-27T16:48:35+08:00 ] SQL: SHOW COLUMNS FROM `think_group` [ RunTime:0.000780s ]
[ 2011-06-27T16:48:35+08:00 ] SQL: SELECT id,title FROM `think_group` WHERE status=1 [ RunTime:0.000250s ]
[ 2011-06-27T16:49:19+08:00 ] SQL: SHOW COLUMNS FROM `think_group` [ RunTime:0.000767s ]
[ 2011-06-27T16:49:19+08:00 ] SQL: SELECT id,title FROM `think_group` WHERE status=1 [ RunTime:0.000352s ]
[ 2011-06-27T16:49:19+08:00 ] SQL: SHOW COLUMNS FROM `think_node` [ RunTime:0.000751s ]
[ 2011-06-27T16:49:19+08:00 ] NOTIC: [8] Undefined index: pid NodeAction.class.php 第 11 行.
[ 2011-06-27T16:49:19+08:00 ] SQL: SHOW COLUMNS FROM `think_node` [ RunTime:0.001013s ]
[ 2011-06-27T16:49:19+08:00 ] SQL: SELECT * FROM `think_node` WHERE ( `id` = 0 ) LIMIT 1  [ RunTime:0.000365s ]
[ 2011-06-27T16:49:19+08:00 ] SQL: SELECT COUNT(id) AS tp_count FROM `think_node` WHERE ( `pid` = 0 ) LIMIT 1  [ RunTime:0.000217s ]
[ 2011-06-27T16:49:19+08:00 ] SQL: SELECT * FROM `think_node` WHERE ( `pid` = 0 ) ORDER BY `id` desc LIMIT 0,20  [ RunTime:0.000172s ]
[ 2011-06-27T16:49:21+08:00 ] SQL: SHOW COLUMNS FROM `think_group` [ RunTime:0.000923s ]
[ 2011-06-27T16:49:21+08:00 ] SQL: SELECT id,title FROM `think_group` WHERE status=1 [ RunTime:0.000852s ]
[ 2011-06-27T16:49:21+08:00 ] SQL: SHOW COLUMNS FROM `think_node` [ RunTime:0.000777s ]
[ 2011-06-27T16:49:21+08:00 ] SQL: SHOW COLUMNS FROM `think_node` [ RunTime:0.000928s ]
[ 2011-06-27T16:49:21+08:00 ] SQL: SELECT * FROM `think_node` WHERE ( `id` = '1' ) LIMIT 1  [ RunTime:0.000447s ]
[ 2011-06-27T16:49:21+08:00 ] SQL: SELECT COUNT(id) AS tp_count FROM `think_node` WHERE ( `pid` = '1' ) LIMIT 1  [ RunTime:0.000169s ]
[ 2011-06-27T16:49:21+08:00 ] SQL: SELECT * FROM `think_node` WHERE ( `pid` = '1' ) ORDER BY `id` desc LIMIT 0,20  [ RunTime:0.000208s ]
[ 2011-06-27T16:49:21+08:00 ] SQL: SHOW COLUMNS FROM `think_group` [ RunTime:0.000745s ]
[ 2011-06-27T16:49:21+08:00 ] SQL: SELECT id,title FROM `think_group` [ RunTime:0.000408s ]
[ 2011-06-27T16:49:22+08:00 ] SQL: SHOW COLUMNS FROM `think_group` [ RunTime:0.000944s ]
[ 2011-06-27T16:49:22+08:00 ] SQL: SELECT * FROM `think_group` WHERE status=1 [ RunTime:0.001004s ]
[ 2011-06-27T16:49:22+08:00 ] SQL: SHOW COLUMNS FROM `think_node` [ RunTime:0.000849s ]
[ 2011-06-27T16:49:22+08:00 ] SQL: SELECT * FROM `think_node` WHERE ( `id` = '1' ) LIMIT 1  [ RunTime:0.000418s ]
[ 2011-06-27T16:49:56+08:00 ] SQL: SHOW COLUMNS FROM `think_node` [ RunTime:0.001002s ]
[ 2011-06-27T16:49:56+08:00 ] SQL: SELECT `id` FROM `think_node` WHERE ( `name` = 'Test2' ) AND ( `pid` = '1' ) AND ( `status` = 1 ) LIMIT 1  [ RunTime:0.000807s ]
[ 2011-06-27T16:49:56+08:00 ] SQL: INSERT INTO `think_node` (`name`,`title`,`status`,`remark`,`pid`,`level`,`group_id`) VALUES ('Test2','将信息写入文本文件','1','','1','2','2') [ RunTime:0.000111s ]
[ 2011-06-27T16:50:19+08:00 ] SQL: SHOW COLUMNS FROM `think_user` [ RunTime:0.001154s ]
[ 2011-06-27T16:50:19+08:00 ] SQL: SELECT * FROM `think_user` WHERE ( `account` = 'admin' ) AND ( `status` > 0 ) LIMIT 1  [ RunTime:0.000953s ]
[ 2011-06-27T16:50:19+08:00 ] SQL: UPDATE `think_user` SET `last_login_time`=1309164619,`login_count`=login_count+1,`last_login_ip`='127.0.0.1' WHERE ( `id` = '1' ) [ RunTime:0.000182s ]
[ 2011-06-27T16:50:19+08:00 ] SQL: SHOW COLUMNS FROM `think_node` [ RunTime:0.000792s ]
[ 2011-06-27T16:50:19+08:00 ] SQL: SELECT `id` FROM `think_node` LIMIT 1  [ RunTime:0.000229s ]
[ 2011-06-27T16:50:19+08:00 ] SQL: SELECT id,name,group_id,title FROM `think_node` WHERE ( `level` = 2 ) AND ( `status` = 1 ) AND ( `pid` = '1' ) ORDER BY sort asc [ RunTime:0.000256s ]
[ 2011-06-27T16:50:19+08:00 ] NOTIC: [8] Undefined index: _ACCESS_LIST PublicAction.class.php 第 55 行.
[ 2011-06-27T16:50:19+08:00 ] NOTIC: [8] Undefined variable: menuTag a7e83d789bc162c582da59def6e0b6ea.php 第 22 行.
[ 2011-06-27T16:50:19+08:00 ] NOTIC: [8] Undefined variable: menuTag a7e83d789bc162c582da59def6e0b6ea.php 第 22 行.
[ 2011-06-27T16:50:19+08:00 ] NOTIC: [8] Undefined variable: menuTag a7e83d789bc162c582da59def6e0b6ea.php 第 22 行.
[ 2011-06-27T16:50:19+08:00 ] NOTIC: [8] Undefined variable: menuTag a7e83d789bc162c582da59def6e0b6ea.php 第 22 行.
[ 2011-06-27T16:50:19+08:00 ] NOTIC: [8] Undefined variable: menuTag a7e83d789bc162c582da59def6e0b6ea.php 第 22 行.
[ 2011-06-27T16:50:19+08:00 ] NOTIC: [8] Undefined variable: menuTag a7e83d789bc162c582da59def6e0b6ea.php 第 22 行.
[ 2011-06-27T16:50:19+08:00 ] NOTIC: [8] Undefined variable: menuTag a7e83d789bc162c582da59def6e0b6ea.php 第 22 行.
[ 2011-06-27T16:50:19+08:00 ] NOTIC: [8] Undefined variable: menuTag a7e83d789bc162c582da59def6e0b6ea.php 第 22 行.
[ 2011-06-27T16:50:19+08:00 ] NOTIC: [8] Undefined variable: menuTag a7e83d789bc162c582da59def6e0b6ea.php 第 22 行.
[ 2011-06-27T16:50:19+08:00 ] SQL: SHOW COLUMNS FROM `think_group` [ RunTime:0.000812s ]
[ 2011-06-27T16:50:19+08:00 ] SQL: SELECT id,title FROM `think_group` WHERE status=1 [ RunTime:0.000178s ]
[ 2011-06-27T17:26:10+08:00 ] NOTIC: [8] Undefined variable: Data Test2Action.class.php 第 12 行.
[ 2011-06-27T17:26:10+08:00 ] NOTIC: [2] unlink(./Runtime/Data/data.php) [<a href='function.unlink'>function.unlink</a>]: No such file or directory ~runtime.php 第 2 行.
[ 2011-06-27T17:26:12+08:00 ] NOTIC: [8] Undefined variable: Data Test2Action.class.php 第 12 行.
[ 2011-06-27T17:26:12+08:00 ] NOTIC: [2] unlink(./Runtime/Data/data.php) [<a href='function.unlink'>function.unlink</a>]: No such file or directory ~runtime.php 第 2 行.
[ 2011-06-27T17:34:15+08:00 ] NOTIC: [8] Undefined variable: Data Test2Action.class.php 第 13 行.
[ 2011-06-27T17:34:15+08:00 ] NOTIC: [2] unlink(./Runtime/Data/data.php) [<a href='function.unlink'>function.unlink</a>]: No such file or directory ~runtime.php 第 2 行.
[ 2011-06-27T17:41:36+08:00 ] SQL: SHOW COLUMNS FROM `think_user` [ RunTime:0.000894s ]
[ 2011-06-27T17:41:36+08:00 ] SQL: SELECT * FROM `think_user` WHERE ( `account` = 'admin' ) AND ( `status` > 0 ) LIMIT 1  [ RunTime:0.001143s ]
[ 2011-06-27T17:41:45+08:00 ] SQL: SHOW COLUMNS FROM `think_user` [ RunTime:0.001346s ]
[ 2011-06-27T17:41:45+08:00 ] SQL: SELECT * FROM `think_user` WHERE ( `account` = 'admin' ) AND ( `status` > 0 ) LIMIT 1  [ RunTime:0.001014s ]
[ 2011-06-27T17:41:51+08:00 ] SQL: SHOW COLUMNS FROM `think_user` [ RunTime:0.001074s ]
[ 2011-06-27T17:41:51+08:00 ] SQL: SELECT * FROM `think_user` WHERE ( `account` = 'admin' ) AND ( `status` > 0 ) LIMIT 1  [ RunTime:0.000777s ]
[ 2011-06-27T17:41:51+08:00 ] SQL: UPDATE `think_user` SET `last_login_time`=1309167711,`login_count`=login_count+1,`last_login_ip`='127.0.0.1' WHERE ( `id` = '1' ) [ RunTime:0.000179s ]
[ 2011-06-27T17:41:51+08:00 ] SQL: SHOW COLUMNS FROM `think_group` [ RunTime:0.000792s ]
[ 2011-06-27T17:41:51+08:00 ] SQL: SELECT id,title FROM `think_group` WHERE status=1 [ RunTime:0.000312s ]
[ 2011-06-27T17:41:51+08:00 ] SQL: SHOW COLUMNS FROM `think_node` [ RunTime:0.000760s ]
[ 2011-06-27T17:41:51+08:00 ] SQL: SELECT `id` FROM `think_node` LIMIT 1  [ RunTime:0.000303s ]
[ 2011-06-27T17:41:51+08:00 ] SQL: SELECT id,name,group_id,title FROM `think_node` WHERE ( `level` = 2 ) AND ( `status` = 1 ) AND ( `pid` = '1' ) ORDER BY sort asc [ RunTime:0.019533s ]
[ 2011-06-27T17:41:51+08:00 ] NOTIC: [8] Undefined index: _ACCESS_LIST PublicAction.class.php 第 55 行.
[ 2011-06-27T17:41:51+08:00 ] NOTIC: [8] Undefined variable: menuTag a7e83d789bc162c582da59def6e0b6ea.php 第 22 行.
[ 2011-06-27T17:41:51+08:00 ] NOTIC: [8] Undefined variable: menuTag a7e83d789bc162c582da59def6e0b6ea.php 第 22 行.
[ 2011-06-27T17:41:51+08:00 ] NOTIC: [8] Undefined variable: menuTag a7e83d789bc162c582da59def6e0b6ea.php 第 22 行.
[ 2011-06-27T17:41:51+08:00 ] NOTIC: [8] Undefined variable: menuTag a7e83d789bc162c582da59def6e0b6ea.php 第 22 行.
[ 2011-06-27T17:41:51+08:00 ] NOTIC: [8] Undefined variable: menuTag a7e83d789bc162c582da59def6e0b6ea.php 第 22 行.
[ 2011-06-27T17:41:51+08:00 ] NOTIC: [8] Undefined variable: menuTag a7e83d789bc162c582da59def6e0b6ea.php 第 22 行.
[ 2011-06-27T17:41:51+08:00 ] NOTIC: [8] Undefined variable: menuTag a7e83d789bc162c582da59def6e0b6ea.php 第 22 行.
[ 2011-06-27T17:41:51+08:00 ] NOTIC: [8] Undefined variable: menuTag a7e83d789bc162c582da59def6e0b6ea.php 第 22 行.
[ 2011-06-27T17:41:51+08:00 ] NOTIC: [8] Undefined variable: menuTag a7e83d789bc162c582da59def6e0b6ea.php 第 22 行.
[ 2011-06-27T17:51:49+08:00 ] SQL: SHOW COLUMNS FROM `think_user` [ RunTime:0.000871s ]
[ 2011-06-27T17:51:49+08:00 ] SQL: SELECT * FROM `think_user` WHERE ( `account` = 'admin' ) AND ( `status` > 0 ) LIMIT 1  [ RunTime:0.000351s ]
[ 2011-06-27T17:51:49+08:00 ] SQL: UPDATE `think_user` SET `last_login_time`=1309168309,`login_count`=login_count+1,`last_login_ip`='127.0.0.1' WHERE ( `id` = '1' ) [ RunTime:0.000119s ]
[ 2011-06-27T17:51:49+08:00 ] SQL: SHOW COLUMNS FROM `think_group` [ RunTime:0.000825s ]
[ 2011-06-27T17:51:49+08:00 ] SQL: SELECT id,title FROM `think_group` WHERE status=1 [ RunTime:0.000306s ]
[ 2011-06-27T17:51:49+08:00 ] SQL: SHOW COLUMNS FROM `think_node` [ RunTime:0.033404s ]
[ 2011-06-27T17:51:49+08:00 ] SQL: SELECT `id` FROM `think_node` LIMIT 1  [ RunTime:0.000273s ]
[ 2011-06-27T17:51:49+08:00 ] SQL: SELECT id,name,group_id,title FROM `think_node` WHERE ( `level` = 2 ) AND ( `status` = 1 ) AND ( `pid` = '1' ) ORDER BY sort asc [ RunTime:0.000279s ]
[ 2011-06-27T17:51:49+08:00 ] NOTIC: [8] Undefined index: _ACCESS_LIST PublicAction.class.php 第 55 行.
[ 2011-06-27T17:51:49+08:00 ] NOTIC: [8] Undefined variable: menuTag a7e83d789bc162c582da59def6e0b6ea.php 第 22 行.
[ 2011-06-27T17:51:49+08:00 ] NOTIC: [8] Undefined variable: menuTag a7e83d789bc162c582da59def6e0b6ea.php 第 22 行.
[ 2011-06-27T17:51:49+08:00 ] NOTIC: [8] Undefined variable: menuTag a7e83d789bc162c582da59def6e0b6ea.php 第 22 行.
[ 2011-06-27T17:51:49+08:00 ] NOTIC: [8] Undefined variable: menuTag a7e83d789bc162c582da59def6e0b6ea.php 第 22 行.
[ 2011-06-27T17:51:49+08:00 ] NOTIC: [8] Undefined variable: menuTag a7e83d789bc162c582da59def6e0b6ea.php 第 22 行.
[ 2011-06-27T17:51:49+08:00 ] NOTIC: [8] Undefined variable: menuTag a7e83d789bc162c582da59def6e0b6ea.php 第 22 行.
[ 2011-06-27T17:51:49+08:00 ] NOTIC: [8] Undefined variable: menuTag a7e83d789bc162c582da59def6e0b6ea.php 第 22 行.
[ 2011-06-27T17:51:49+08:00 ] NOTIC: [8] Undefined variable: menuTag a7e83d789bc162c582da59def6e0b6ea.php 第 22 行.
[ 2011-06-27T17:51:49+08:00 ] NOTIC: [8] Undefined variable: menuTag a7e83d789bc162c582da59def6e0b6ea.php 第 22 行.
