[ 2011-07-01T14:09:55+08:00 ] SQL: SHOW COLUMNS FROM `think_user` [ RunTime:0.019851s ]
[ 2011-07-01T14:09:55+08:00 ] SQL: SELECT * FROM `think_user` WHERE ( `account` = 'admin' ) AND ( `status` > 0 ) LIMIT 1  [ RunTime:0.021893s ]
[ 2011-07-01T14:09:55+08:00 ] SQL: UPDATE `think_user` SET `last_login_time`=1309500595,`login_count`=login_count+1,`last_login_ip`='127.0.0.1' WHERE ( `id` = '1' ) [ RunTime:0.000247s ]
[ 2011-07-01T14:09:56+08:00 ] SQL: SHOW COLUMNS FROM `think_group` [ RunTime:0.000789s ]
[ 2011-07-01T14:09:56+08:00 ] SQL: SELECT id,title FROM `think_group` WHERE status=1 [ RunTime:0.015945s ]
[ 2011-07-01T14:09:56+08:00 ] SQL: SHOW COLUMNS FROM `think_node` [ RunTime:0.011559s ]
[ 2011-07-01T14:09:56+08:00 ] SQL: SELECT `id` FROM `think_node` LIMIT 1  [ RunTime:0.018018s ]
[ 2011-07-01T14:09:56+08:00 ] SQL: SELECT id,name,group_id,title FROM `think_node` WHERE ( `level` = 2 ) AND ( `status` = 1 ) AND ( `pid` = '1' ) ORDER BY sort asc [ RunTime:0.000444s ]
[ 2011-07-01T14:09:56+08:00 ] NOTIC: [8] Undefined index: _ACCESS_LIST PublicAction.class.php 第 55 行.
[ 2011-07-01T14:09:56+08:00 ] NOTIC: [8] Undefined variable: menuTag a7e83d789bc162c582da59def6e0b6ea.php 第 22 行.
[ 2011-07-01T14:09:56+08:00 ] NOTIC: [8] Undefined variable: menuTag a7e83d789bc162c582da59def6e0b6ea.php 第 22 行.
[ 2011-07-01T14:09:56+08:00 ] NOTIC: [8] Undefined variable: menuTag a7e83d789bc162c582da59def6e0b6ea.php 第 22 行.
[ 2011-07-01T14:09:56+08:00 ] NOTIC: [8] Undefined variable: menuTag a7e83d789bc162c582da59def6e0b6ea.php 第 22 行.
[ 2011-07-01T14:09:56+08:00 ] NOTIC: [8] Undefined variable: menuTag a7e83d789bc162c582da59def6e0b6ea.php 第 22 行.
[ 2011-07-01T14:09:56+08:00 ] NOTIC: [8] Undefined variable: menuTag a7e83d789bc162c582da59def6e0b6ea.php 第 22 行.
[ 2011-07-01T14:09:56+08:00 ] NOTIC: [8] Undefined variable: menuTag a7e83d789bc162c582da59def6e0b6ea.php 第 22 行.
[ 2011-07-01T14:09:56+08:00 ] NOTIC: [8] Undefined variable: menuTag a7e83d789bc162c582da59def6e0b6ea.php 第 22 行.
[ 2011-07-01T14:09:56+08:00 ] NOTIC: [8] Undefined variable: menuTag a7e83d789bc162c582da59def6e0b6ea.php 第 22 行.
[ 2011-07-01T14:44:32+08:00 ] SQL: SHOW COLUMNS FROM `think_user` [ RunTime:0.032941s ]
[ 2011-07-01T14:44:32+08:00 ] SQL: SELECT * FROM `think_user` WHERE ( `account` = 'admin' ) AND ( `status` > 0 ) LIMIT 1  [ RunTime:0.000619s ]
[ 2011-07-01T14:44:32+08:00 ] SQL: UPDATE `think_user` SET `last_login_time`=1309502672,`login_count`=login_count+1,`last_login_ip`='127.0.0.1' WHERE ( `id` = '1' ) [ RunTime:0.000177s ]
[ 2011-07-01T14:44:32+08:00 ] SQL: SHOW COLUMNS FROM `think_node` [ RunTime:0.068789s ]
[ 2011-07-01T14:44:32+08:00 ] SQL: SELECT `id` FROM `think_node` LIMIT 1  [ RunTime:0.000392s ]
[ 2011-07-01T14:44:32+08:00 ] SQL: SELECT id,name,group_id,title FROM `think_node` WHERE ( `level` = 2 ) AND ( `status` = 1 ) AND ( `pid` = '1' ) ORDER BY sort asc [ RunTime:0.001055s ]
[ 2011-07-01T14:44:32+08:00 ] NOTIC: [8] Undefined index: _ACCESS_LIST PublicAction.class.php 第 55 行.
[ 2011-07-01T14:44:32+08:00 ] NOTIC: [8] Undefined variable: menuTag a7e83d789bc162c582da59def6e0b6ea.php 第 22 行.
[ 2011-07-01T14:44:32+08:00 ] NOTIC: [8] Undefined variable: menuTag a7e83d789bc162c582da59def6e0b6ea.php 第 22 行.
[ 2011-07-01T14:44:32+08:00 ] NOTIC: [8] Undefined variable: menuTag a7e83d789bc162c582da59def6e0b6ea.php 第 22 行.
[ 2011-07-01T14:44:32+08:00 ] NOTIC: [8] Undefined variable: menuTag a7e83d789bc162c582da59def6e0b6ea.php 第 22 行.
[ 2011-07-01T14:44:32+08:00 ] NOTIC: [8] Undefined variable: menuTag a7e83d789bc162c582da59def6e0b6ea.php 第 22 行.
[ 2011-07-01T14:44:32+08:00 ] NOTIC: [8] Undefined variable: menuTag a7e83d789bc162c582da59def6e0b6ea.php 第 22 行.
[ 2011-07-01T14:44:32+08:00 ] NOTIC: [8] Undefined variable: menuTag a7e83d789bc162c582da59def6e0b6ea.php 第 22 行.
[ 2011-07-01T14:44:32+08:00 ] NOTIC: [8] Undefined variable: menuTag a7e83d789bc162c582da59def6e0b6ea.php 第 22 行.
[ 2011-07-01T14:44:32+08:00 ] NOTIC: [8] Undefined variable: menuTag a7e83d789bc162c582da59def6e0b6ea.php 第 22 行.
[ 2011-07-01T14:44:32+08:00 ] SQL: SHOW COLUMNS FROM `think_group` [ RunTime:0.058120s ]
[ 2011-07-01T14:44:32+08:00 ] SQL: SELECT id,title FROM `think_group` WHERE status=1 [ RunTime:0.000351s ]
[ 2011-07-01T14:44:38+08:00 ] SQL: SHOW COLUMNS FROM `think_group` [ RunTime:0.000923s ]
[ 2011-07-01T14:44:38+08:00 ] SQL: SELECT id,title FROM `think_group` WHERE status=1 [ RunTime:0.000146s ]
[ 2011-07-01T14:44:38+08:00 ] SQL: SHOW COLUMNS FROM `think_node` [ RunTime:0.001686s ]
[ 2011-07-01T14:44:38+08:00 ] NOTIC: [8] Undefined index: pid NodeAction.class.php 第 11 行.
[ 2011-07-01T14:44:38+08:00 ] SQL: SHOW COLUMNS FROM `think_node` [ RunTime:0.001504s ]
[ 2011-07-01T14:44:38+08:00 ] SQL: SELECT * FROM `think_node` WHERE ( `id` = 0 ) LIMIT 1  [ RunTime:0.000317s ]
[ 2011-07-01T14:44:38+08:00 ] SQL: SELECT COUNT(id) AS tp_count FROM `think_node` WHERE ( `pid` = 0 ) LIMIT 1  [ RunTime:0.000331s ]
[ 2011-07-01T14:44:38+08:00 ] SQL: SELECT * FROM `think_node` WHERE ( `pid` = 0 ) ORDER BY `id` desc LIMIT 0,20  [ RunTime:0.000454s ]
[ 2011-07-01T14:44:41+08:00 ] SQL: SHOW COLUMNS FROM `think_group` [ RunTime:0.000768s ]
[ 2011-07-01T14:44:41+08:00 ] SQL: SELECT id,title FROM `think_group` WHERE status=1 [ RunTime:0.000564s ]
[ 2011-07-01T14:44:41+08:00 ] SQL: SHOW COLUMNS FROM `think_node` [ RunTime:0.000788s ]
[ 2011-07-01T14:44:41+08:00 ] SQL: SHOW COLUMNS FROM `think_node` [ RunTime:0.000760s ]
[ 2011-07-01T14:44:41+08:00 ] SQL: SELECT * FROM `think_node` WHERE ( `id` = '1' ) LIMIT 1  [ RunTime:0.000290s ]
[ 2011-07-01T14:44:41+08:00 ] SQL: SELECT COUNT(id) AS tp_count FROM `think_node` WHERE ( `pid` = '1' ) LIMIT 1  [ RunTime:0.000158s ]
[ 2011-07-01T14:44:41+08:00 ] SQL: SELECT * FROM `think_node` WHERE ( `pid` = '1' ) ORDER BY `id` desc LIMIT 0,20  [ RunTime:0.000218s ]
[ 2011-07-01T14:44:41+08:00 ] SQL: SHOW COLUMNS FROM `think_group` [ RunTime:0.001524s ]
[ 2011-07-01T14:44:41+08:00 ] SQL: SELECT id,title FROM `think_group` [ RunTime:0.000305s ]
[ 2011-07-01T14:44:45+08:00 ] SQL: SHOW COLUMNS FROM `think_group` [ RunTime:0.000909s ]
[ 2011-07-01T14:44:45+08:00 ] SQL: SELECT * FROM `think_group` WHERE status=1 [ RunTime:0.001039s ]
[ 2011-07-01T14:44:45+08:00 ] SQL: SHOW COLUMNS FROM `think_node` [ RunTime:0.000888s ]
[ 2011-07-01T14:44:45+08:00 ] SQL: SELECT * FROM `think_node` WHERE ( `id` = '1' ) LIMIT 1  [ RunTime:0.000471s ]
[ 2011-07-01T14:45:27+08:00 ] SQL: SHOW COLUMNS FROM `think_node` [ RunTime:0.000786s ]
[ 2011-07-01T14:45:27+08:00 ] SQL: SELECT `id` FROM `think_node` WHERE ( `name` = 'Testfunction' ) AND ( `pid` = '1' ) AND ( `status` = 1 ) LIMIT 1  [ RunTime:0.000579s ]
[ 2011-07-01T14:45:27+08:00 ] SQL: INSERT INTO `think_node` (`name`,`title`,`status`,`remark`,`pid`,`level`,`group_id`) VALUES ('Testfunction','一些函数','1','','1','2','2') [ RunTime:0.000165s ]
[ 2011-07-01T14:48:45+08:00 ] SQL: SHOW COLUMNS FROM `think_user` [ RunTime:0.000983s ]
[ 2011-07-01T14:48:45+08:00 ] SQL: SELECT * FROM `think_user` WHERE ( `account` = 'admin' ) AND ( `status` > 0 ) LIMIT 1  [ RunTime:0.000984s ]
[ 2011-07-01T14:48:45+08:00 ] SQL: UPDATE `think_user` SET `last_login_time`=1309502925,`login_count`=login_count+1,`last_login_ip`='127.0.0.1' WHERE ( `id` = '1' ) [ RunTime:0.000111s ]
[ 2011-07-01T14:48:45+08:00 ] SQL: SHOW COLUMNS FROM `think_group` [ RunTime:0.000791s ]
[ 2011-07-01T14:48:45+08:00 ] SQL: SELECT id,title FROM `think_group` WHERE status=1 [ RunTime:0.000297s ]
[ 2011-07-01T14:48:45+08:00 ] SQL: SHOW COLUMNS FROM `think_node` [ RunTime:0.000796s ]
[ 2011-07-01T14:48:45+08:00 ] SQL: SELECT `id` FROM `think_node` LIMIT 1  [ RunTime:0.000770s ]
[ 2011-07-01T14:48:45+08:00 ] SQL: SELECT id,name,group_id,title FROM `think_node` WHERE ( `level` = 2 ) AND ( `status` = 1 ) AND ( `pid` = '1' ) ORDER BY sort asc [ RunTime:0.000315s ]
[ 2011-07-01T14:48:45+08:00 ] NOTIC: [8] Undefined index: _ACCESS_LIST PublicAction.class.php 第 55 行.
[ 2011-07-01T14:48:45+08:00 ] NOTIC: [8] Undefined variable: menuTag a7e83d789bc162c582da59def6e0b6ea.php 第 22 行.
[ 2011-07-01T14:48:45+08:00 ] NOTIC: [8] Undefined variable: menuTag a7e83d789bc162c582da59def6e0b6ea.php 第 22 行.
[ 2011-07-01T14:48:45+08:00 ] NOTIC: [8] Undefined variable: menuTag a7e83d789bc162c582da59def6e0b6ea.php 第 22 行.
[ 2011-07-01T14:48:45+08:00 ] NOTIC: [8] Undefined variable: menuTag a7e83d789bc162c582da59def6e0b6ea.php 第 22 行.
[ 2011-07-01T14:48:45+08:00 ] NOTIC: [8] Undefined variable: menuTag a7e83d789bc162c582da59def6e0b6ea.php 第 22 行.
[ 2011-07-01T14:48:45+08:00 ] NOTIC: [8] Undefined variable: menuTag a7e83d789bc162c582da59def6e0b6ea.php 第 22 行.
[ 2011-07-01T14:48:45+08:00 ] NOTIC: [8] Undefined variable: menuTag a7e83d789bc162c582da59def6e0b6ea.php 第 22 行.
[ 2011-07-01T14:48:45+08:00 ] NOTIC: [8] Undefined variable: menuTag a7e83d789bc162c582da59def6e0b6ea.php 第 22 行.
[ 2011-07-01T14:48:45+08:00 ] NOTIC: [8] Undefined variable: menuTag a7e83d789bc162c582da59def6e0b6ea.php 第 22 行.
[ 2011-07-01T14:48:45+08:00 ] NOTIC: [8] Undefined variable: menuTag a7e83d789bc162c582da59def6e0b6ea.php 第 22 行.
[ 2011-07-01T14:49:40+08:00 ] ERR: (ThinkException) 无法加载模块Testfunction
[ 2011-07-01T17:47:11+08:00 ] SQL: SHOW COLUMNS FROM `think_user` [ RunTime:0.000886s ]
[ 2011-07-01T17:47:11+08:00 ] SQL: SELECT * FROM `think_user` WHERE ( `account` = 'admin' ) AND ( `status` > 0 ) LIMIT 1  [ RunTime:0.000590s ]
[ 2011-07-01T17:47:11+08:00 ] SQL: UPDATE `think_user` SET `last_login_time`=1309513631,`login_count`=login_count+1,`last_login_ip`='127.0.0.1' WHERE ( `id` = '1' ) [ RunTime:0.000214s ]
[ 2011-07-01T17:47:11+08:00 ] SQL: SHOW COLUMNS FROM `think_group` [ RunTime:0.000795s ]
[ 2011-07-01T17:47:11+08:00 ] SQL: SELECT id,title FROM `think_group` WHERE status=1 [ RunTime:0.000215s ]
[ 2011-07-01T17:47:11+08:00 ] SQL: SHOW COLUMNS FROM `think_node` [ RunTime:0.000791s ]
[ 2011-07-01T17:47:11+08:00 ] SQL: SELECT `id` FROM `think_node` LIMIT 1  [ RunTime:0.000304s ]
[ 2011-07-01T17:47:11+08:00 ] SQL: SELECT id,name,group_id,title FROM `think_node` WHERE ( `level` = 2 ) AND ( `status` = 1 ) AND ( `pid` = '1' ) ORDER BY sort asc [ RunTime:0.000280s ]
[ 2011-07-01T17:47:11+08:00 ] NOTIC: [8] Undefined index: _ACCESS_LIST PublicAction.class.php 第 55 行.
[ 2011-07-01T17:47:11+08:00 ] NOTIC: [8] Undefined variable: menuTag a7e83d789bc162c582da59def6e0b6ea.php 第 22 行.
[ 2011-07-01T17:47:11+08:00 ] NOTIC: [8] Undefined variable: menuTag a7e83d789bc162c582da59def6e0b6ea.php 第 22 行.
[ 2011-07-01T17:47:11+08:00 ] NOTIC: [8] Undefined variable: menuTag a7e83d789bc162c582da59def6e0b6ea.php 第 22 行.
[ 2011-07-01T17:47:11+08:00 ] NOTIC: [8] Undefined variable: menuTag a7e83d789bc162c582da59def6e0b6ea.php 第 22 行.
[ 2011-07-01T17:47:11+08:00 ] NOTIC: [8] Undefined variable: menuTag a7e83d789bc162c582da59def6e0b6ea.php 第 22 行.
[ 2011-07-01T17:47:11+08:00 ] NOTIC: [8] Undefined variable: menuTag a7e83d789bc162c582da59def6e0b6ea.php 第 22 行.
[ 2011-07-01T17:47:11+08:00 ] NOTIC: [8] Undefined variable: menuTag a7e83d789bc162c582da59def6e0b6ea.php 第 22 行.
[ 2011-07-01T17:47:11+08:00 ] NOTIC: [8] Undefined variable: menuTag a7e83d789bc162c582da59def6e0b6ea.php 第 22 行.
[ 2011-07-01T17:47:11+08:00 ] NOTIC: [8] Undefined variable: menuTag a7e83d789bc162c582da59def6e0b6ea.php 第 22 行.
[ 2011-07-01T17:47:11+08:00 ] NOTIC: [8] Undefined variable: menuTag a7e83d789bc162c582da59def6e0b6ea.php 第 22 行.
[ 2011-07-01T17:48:10+08:00 ] NOTIC: [8] Undefined variable: temp Test2Action.class.php 第 12 行.
[ 2011-07-01T17:48:12+08:00 ] NOTIC: [8] Undefined variable: temp Test2Action.class.php 第 12 行.
[ 2011-07-01T17:48:14+08:00 ] NOTIC: [8] Undefined variable: temp Test2Action.class.php 第 12 行.
[ 2011-07-01T18:04:27+08:00 ] NOTIC: [2] array_push() expects parameter 1 to be array, null given Test2Action.class.php 第 16 行.
[ 2011-07-01T18:04:27+08:00 ] NOTIC: [2] array_push() expects parameter 1 to be array, null given Test2Action.class.php 第 16 行.
[ 2011-07-01T18:04:27+08:00 ] NOTIC: [2] array_push() expects parameter 1 to be array, null given Test2Action.class.php 第 16 行.
[ 2011-07-01T18:04:27+08:00 ] NOTIC: [2] array_push() expects parameter 1 to be array, null given Test2Action.class.php 第 16 行.
[ 2011-07-01T18:04:27+08:00 ] NOTIC: [2] array_push() expects parameter 1 to be array, null given Test2Action.class.php 第 16 行.
[ 2011-07-01T18:04:27+08:00 ] NOTIC: [2] array_push() expects parameter 1 to be array, null given Test2Action.class.php 第 16 行.
[ 2011-07-01T18:04:27+08:00 ] NOTIC: [2] array_push() expects parameter 1 to be array, null given Test2Action.class.php 第 16 行.
[ 2011-07-01T18:04:27+08:00 ] NOTIC: [2] array_push() expects parameter 1 to be array, null given Test2Action.class.php 第 16 行.
[ 2011-07-01T18:04:27+08:00 ] NOTIC: [2] array_push() expects parameter 1 to be array, null given Test2Action.class.php 第 16 行.
[ 2011-07-01T18:04:27+08:00 ] NOTIC: [2] array_push() expects parameter 1 to be array, null given Test2Action.class.php 第 16 行.
[ 2011-07-01T18:04:27+08:00 ] NOTIC: [2] array_push() expects parameter 1 to be array, null given Test2Action.class.php 第 16 行.
[ 2011-07-01T18:04:27+08:00 ] NOTIC: [2] array_push() expects parameter 1 to be array, null given Test2Action.class.php 第 16 行.
[ 2011-07-01T18:04:27+08:00 ] NOTIC: [2] array_push() expects parameter 1 to be array, null given Test2Action.class.php 第 16 行.
[ 2011-07-01T18:04:27+08:00 ] NOTIC: [2] array_push() expects parameter 1 to be array, null given Test2Action.class.php 第 16 行.
[ 2011-07-01T18:04:27+08:00 ] NOTIC: [2] array_push() expects parameter 1 to be array, null given Test2Action.class.php 第 16 行.
[ 2011-07-01T18:04:27+08:00 ] NOTIC: [2] array_push() expects parameter 1 to be array, null given Test2Action.class.php 第 16 行.
[ 2011-07-01T18:04:27+08:00 ] NOTIC: [2] array_push() expects parameter 1 to be array, null given Test2Action.class.php 第 16 行.
[ 2011-07-01T18:04:27+08:00 ] NOTIC: [2] array_push() expects parameter 1 to be array, null given Test2Action.class.php 第 16 行.
[ 2011-07-01T18:04:27+08:00 ] NOTIC: [2] array_push() expects parameter 1 to be array, null given Test2Action.class.php 第 16 行.
[ 2011-07-01T18:04:27+08:00 ] NOTIC: [2] array_push() expects parameter 1 to be array, null given Test2Action.class.php 第 16 行.
[ 2011-07-01T18:04:27+08:00 ] NOTIC: [2] array_push() expects parameter 1 to be array, null given Test2Action.class.php 第 16 行.
[ 2011-07-01T18:04:27+08:00 ] NOTIC: [2] array_push() expects parameter 1 to be array, null given Test2Action.class.php 第 16 行.
[ 2011-07-01T18:04:27+08:00 ] NOTIC: [2] array_push() expects parameter 1 to be array, null given Test2Action.class.php 第 16 行.
[ 2011-07-01T18:04:27+08:00 ] NOTIC: [2] array_push() expects parameter 1 to be array, null given Test2Action.class.php 第 16 行.
[ 2011-07-01T18:04:27+08:00 ] NOTIC: [2] array_push() expects parameter 1 to be array, null given Test2Action.class.php 第 16 行.
[ 2011-07-01T18:04:27+08:00 ] NOTIC: [2] array_push() expects parameter 1 to be array, null given Test2Action.class.php 第 16 行.
[ 2011-07-01T18:04:27+08:00 ] NOTIC: [2] array_push() expects parameter 1 to be array, null given Test2Action.class.php 第 16 行.
[ 2011-07-01T18:04:27+08:00 ] NOTIC: [2] array_push() expects parameter 1 to be array, null given Test2Action.class.php 第 16 行.
[ 2011-07-01T18:04:27+08:00 ] NOTIC: [2] array_push() expects parameter 1 to be array, null given Test2Action.class.php 第 16 行.
[ 2011-07-01T18:04:27+08:00 ] NOTIC: [2] array_push() expects parameter 1 to be array, null given Test2Action.class.php 第 16 行.
[ 2011-07-01T18:04:27+08:00 ] NOTIC: [2] array_push() expects parameter 1 to be array, null given Test2Action.class.php 第 16 行.
[ 2011-07-01T18:04:27+08:00 ] NOTIC: [2] array_push() expects parameter 1 to be array, null given Test2Action.class.php 第 16 行.
[ 2011-07-01T18:04:27+08:00 ] NOTIC: [2] array_push() expects parameter 1 to be array, null given Test2Action.class.php 第 16 行.
[ 2011-07-01T18:04:27+08:00 ] NOTIC: [2] array_push() expects parameter 1 to be array, null given Test2Action.class.php 第 16 行.
[ 2011-07-01T18:04:27+08:00 ] NOTIC: [2] array_push() expects parameter 1 to be array, null given Test2Action.class.php 第 16 行.
[ 2011-07-01T18:04:28+08:00 ] NOTIC: [2] array_push() expects parameter 1 to be array, null given Test2Action.class.php 第 16 行.
[ 2011-07-01T18:04:28+08:00 ] NOTIC: [2] array_push() expects parameter 1 to be array, null given Test2Action.class.php 第 16 行.
[ 2011-07-01T18:04:28+08:00 ] NOTIC: [2] array_push() expects parameter 1 to be array, null given Test2Action.class.php 第 16 行.
[ 2011-07-01T18:04:28+08:00 ] NOTIC: [2] array_push() expects parameter 1 to be array, null given Test2Action.class.php 第 16 行.
[ 2011-07-01T18:04:28+08:00 ] NOTIC: [2] array_push() expects parameter 1 to be array, null given Test2Action.class.php 第 16 行.
[ 2011-07-01T18:04:28+08:00 ] NOTIC: [2] array_push() expects parameter 1 to be array, null given Test2Action.class.php 第 16 行.
[ 2011-07-01T18:04:28+08:00 ] NOTIC: [2] array_push() expects parameter 1 to be array, null given Test2Action.class.php 第 16 行.
[ 2011-07-01T18:04:28+08:00 ] NOTIC: [2] array_push() expects parameter 1 to be array, null given Test2Action.class.php 第 16 行.
[ 2011-07-01T18:04:28+08:00 ] NOTIC: [2] array_push() expects parameter 1 to be array, null given Test2Action.class.php 第 16 行.
[ 2011-07-01T18:04:28+08:00 ] NOTIC: [2] array_push() expects parameter 1 to be array, null given Test2Action.class.php 第 16 行.
[ 2011-07-01T18:04:28+08:00 ] NOTIC: [2] array_push() expects parameter 1 to be array, null given Test2Action.class.php 第 16 行.
[ 2011-07-01T18:04:28+08:00 ] NOTIC: [2] array_push() expects parameter 1 to be array, null given Test2Action.class.php 第 16 行.
[ 2011-07-01T18:04:28+08:00 ] NOTIC: [2] array_push() expects parameter 1 to be array, null given Test2Action.class.php 第 16 行.
[ 2011-07-01T18:04:28+08:00 ] NOTIC: [2] array_push() expects parameter 1 to be array, null given Test2Action.class.php 第 16 行.
[ 2011-07-01T18:04:28+08:00 ] NOTIC: [2] array_push() expects parameter 1 to be array, null given Test2Action.class.php 第 16 行.
[ 2011-07-01T18:04:28+08:00 ] NOTIC: [2] array_push() expects parameter 1 to be array, null given Test2Action.class.php 第 16 行.
[ 2011-07-01T18:04:28+08:00 ] NOTIC: [2] array_push() expects parameter 1 to be array, null given Test2Action.class.php 第 16 行.
[ 2011-07-01T18:04:28+08:00 ] NOTIC: [2] array_push() expects parameter 1 to be array, null given Test2Action.class.php 第 16 行.
[ 2011-07-01T18:04:28+08:00 ] NOTIC: [2] array_push() expects parameter 1 to be array, null given Test2Action.class.php 第 16 行.
[ 2011-07-01T18:04:28+08:00 ] NOTIC: [2] array_push() expects parameter 1 to be array, null given Test2Action.class.php 第 16 行.
[ 2011-07-01T18:04:28+08:00 ] NOTIC: [2] array_push() expects parameter 1 to be array, null given Test2Action.class.php 第 16 行.
[ 2011-07-01T18:04:28+08:00 ] NOTIC: [2] array_push() expects parameter 1 to be array, null given Test2Action.class.php 第 16 行.
[ 2011-07-01T18:04:28+08:00 ] NOTIC: [2] array_push() expects parameter 1 to be array, null given Test2Action.class.php 第 16 行.
[ 2011-07-01T18:04:28+08:00 ] NOTIC: [2] array_push() expects parameter 1 to be array, null given Test2Action.class.php 第 16 行.
[ 2011-07-01T18:04:28+08:00 ] NOTIC: [2] array_push() expects parameter 1 to be array, null given Test2Action.class.php 第 16 行.
[ 2011-07-01T18:04:28+08:00 ] NOTIC: [2] array_push() expects parameter 1 to be array, null given Test2Action.class.php 第 16 行.
[ 2011-07-01T18:04:28+08:00 ] NOTIC: [2] array_push() expects parameter 1 to be array, null given Test2Action.class.php 第 16 行.
[ 2011-07-01T18:04:28+08:00 ] NOTIC: [2] array_push() expects parameter 1 to be array, null given Test2Action.class.php 第 16 行.
[ 2011-07-01T18:04:28+08:00 ] NOTIC: [2] array_push() expects parameter 1 to be array, null given Test2Action.class.php 第 16 行.
[ 2011-07-01T18:04:28+08:00 ] NOTIC: [2] array_push() expects parameter 1 to be array, null given Test2Action.class.php 第 16 行.
[ 2011-07-01T18:04:28+08:00 ] NOTIC: [2] array_push() expects parameter 1 to be array, null given Test2Action.class.php 第 16 行.
[ 2011-07-01T18:04:28+08:00 ] NOTIC: [2] array_push() expects parameter 1 to be array, null given Test2Action.class.php 第 16 行.
[ 2011-07-01T18:04:28+08:00 ] NOTIC: [2] array_push() expects parameter 1 to be array, null given Test2Action.class.php 第 16 行.
[ 2011-07-01T18:04:28+08:00 ] NOTIC: [2] array_push() expects parameter 1 to be array, null given Test2Action.class.php 第 16 行.
[ 2011-07-01T18:04:28+08:00 ] NOTIC: [2] array_push() expects parameter 1 to be array, null given Test2Action.class.php 第 16 行.
[ 2011-07-01T18:04:49+08:00 ] NOTIC: [2] array_push() expects parameter 1 to be array, null given Test2Action.class.php 第 16 行.
[ 2011-07-01T18:04:49+08:00 ] NOTIC: [2] array_push() expects parameter 1 to be array, null given Test2Action.class.php 第 16 行.
[ 2011-07-01T18:04:49+08:00 ] NOTIC: [2] array_push() expects parameter 1 to be array, null given Test2Action.class.php 第 16 行.
[ 2011-07-01T18:04:49+08:00 ] NOTIC: [2] array_push() expects parameter 1 to be array, null given Test2Action.class.php 第 16 行.
[ 2011-07-01T18:04:49+08:00 ] NOTIC: [2] array_push() expects parameter 1 to be array, null given Test2Action.class.php 第 16 行.
[ 2011-07-01T18:04:49+08:00 ] NOTIC: [2] array_push() expects parameter 1 to be array, null given Test2Action.class.php 第 16 行.
[ 2011-07-01T18:04:49+08:00 ] NOTIC: [2] array_push() expects parameter 1 to be array, null given Test2Action.class.php 第 16 行.
[ 2011-07-01T18:04:49+08:00 ] NOTIC: [2] array_push() expects parameter 1 to be array, null given Test2Action.class.php 第 16 行.
[ 2011-07-01T18:04:49+08:00 ] NOTIC: [2] array_push() expects parameter 1 to be array, null given Test2Action.class.php 第 16 行.
[ 2011-07-01T18:04:49+08:00 ] NOTIC: [2] array_push() expects parameter 1 to be array, null given Test2Action.class.php 第 16 行.
[ 2011-07-01T18:04:49+08:00 ] NOTIC: [2] array_push() expects parameter 1 to be array, null given Test2Action.class.php 第 16 行.
[ 2011-07-01T18:04:49+08:00 ] NOTIC: [2] array_push() expects parameter 1 to be array, null given Test2Action.class.php 第 16 行.
[ 2011-07-01T18:04:49+08:00 ] NOTIC: [2] array_push() expects parameter 1 to be array, null given Test2Action.class.php 第 16 行.
[ 2011-07-01T18:04:49+08:00 ] NOTIC: [2] array_push() expects parameter 1 to be array, null given Test2Action.class.php 第 16 行.
[ 2011-07-01T18:04:49+08:00 ] NOTIC: [2] array_push() expects parameter 1 to be array, null given Test2Action.class.php 第 16 行.
[ 2011-07-01T18:04:49+08:00 ] NOTIC: [2] array_push() expects parameter 1 to be array, null given Test2Action.class.php 第 16 行.
[ 2011-07-01T18:04:49+08:00 ] NOTIC: [2] array_push() expects parameter 1 to be array, null given Test2Action.class.php 第 16 行.
[ 2011-07-01T18:04:49+08:00 ] NOTIC: [2] array_push() expects parameter 1 to be array, null given Test2Action.class.php 第 16 行.
[ 2011-07-01T18:04:49+08:00 ] NOTIC: [2] array_push() expects parameter 1 to be array, null given Test2Action.class.php 第 16 行.
[ 2011-07-01T18:04:49+08:00 ] NOTIC: [2] array_push() expects parameter 1 to be array, null given Test2Action.class.php 第 16 行.
[ 2011-07-01T18:04:49+08:00 ] NOTIC: [2] array_push() expects parameter 1 to be array, null given Test2Action.class.php 第 16 行.
[ 2011-07-01T18:04:49+08:00 ] NOTIC: [2] array_push() expects parameter 1 to be array, null given Test2Action.class.php 第 16 行.
[ 2011-07-01T18:04:49+08:00 ] NOTIC: [2] array_push() expects parameter 1 to be array, null given Test2Action.class.php 第 16 行.
[ 2011-07-01T18:04:49+08:00 ] NOTIC: [2] array_push() expects parameter 1 to be array, null given Test2Action.class.php 第 16 行.
[ 2011-07-01T18:04:49+08:00 ] NOTIC: [2] array_push() expects parameter 1 to be array, null given Test2Action.class.php 第 16 行.
[ 2011-07-01T18:04:49+08:00 ] NOTIC: [2] array_push() expects parameter 1 to be array, null given Test2Action.class.php 第 16 行.
[ 2011-07-01T18:04:49+08:00 ] NOTIC: [2] array_push() expects parameter 1 to be array, null given Test2Action.class.php 第 16 行.
[ 2011-07-01T18:04:49+08:00 ] NOTIC: [2] array_push() expects parameter 1 to be array, null given Test2Action.class.php 第 16 行.
[ 2011-07-01T18:04:49+08:00 ] NOTIC: [2] array_push() expects parameter 1 to be array, null given Test2Action.class.php 第 16 行.
[ 2011-07-01T18:04:49+08:00 ] NOTIC: [2] array_push() expects parameter 1 to be array, null given Test2Action.class.php 第 16 行.
[ 2011-07-01T18:04:49+08:00 ] NOTIC: [2] array_push() expects parameter 1 to be array, null given Test2Action.class.php 第 16 行.
[ 2011-07-01T18:04:49+08:00 ] NOTIC: [2] array_push() expects parameter 1 to be array, null given Test2Action.class.php 第 16 行.
[ 2011-07-01T18:04:49+08:00 ] NOTIC: [2] array_push() expects parameter 1 to be array, null given Test2Action.class.php 第 16 行.
[ 2011-07-01T18:04:49+08:00 ] NOTIC: [2] array_push() expects parameter 1 to be array, null given Test2Action.class.php 第 16 行.
[ 2011-07-01T18:04:49+08:00 ] NOTIC: [2] array_push() expects parameter 1 to be array, null given Test2Action.class.php 第 16 行.
