[ 2011-06-30T17:37:11+08:00 ] NOTIC: [8] Undefined variable: menuTag a7e83d789bc162c582da59def6e0b6ea.php 第 22 行.
[ 2011-06-30T17:37:11+08:00 ] NOTIC: [8] Undefined variable: menuTag a7e83d789bc162c582da59def6e0b6ea.php 第 22 行.
[ 2011-06-30T17:37:11+08:00 ] NOTIC: [8] Undefined variable: menuTag a7e83d789bc162c582da59def6e0b6ea.php 第 22 行.
[ 2011-06-30T17:37:11+08:00 ] NOTIC: [8] Undefined variable: menuTag a7e83d789bc162c582da59def6e0b6ea.php 第 22 行.
[ 2011-06-30T17:37:11+08:00 ] NOTIC: [8] Undefined variable: menuTag a7e83d789bc162c582da59def6e0b6ea.php 第 22 行.
[ 2011-06-30T17:37:11+08:00 ] NOTIC: [8] Undefined variable: menuTag a7e83d789bc162c582da59def6e0b6ea.php 第 22 行.
[ 2011-06-30T17:37:11+08:00 ] NOTIC: [8] Undefined variable: menuTag a7e83d789bc162c582da59def6e0b6ea.php 第 22 行.
[ 2011-06-30T17:37:11+08:00 ] NOTIC: [8] Undefined variable: menuTag a7e83d789bc162c582da59def6e0b6ea.php 第 22 行.
[ 2011-06-30T17:37:11+08:00 ] NOTIC: [8] Undefined variable: menuTag a7e83d789bc162c582da59def6e0b6ea.php 第 22 行.
[ 2011-06-30T17:37:11+08:00 ] NOTIC: [8] Undefined variable: menuTag a7e83d789bc162c582da59def6e0b6ea.php 第 22 行.
[ 2011-06-30T17:37:11+08:00 ] NOTIC: [8] Undefined variable: menuTag a7e83d789bc162c582da59def6e0b6ea.php 第 22 行.
[ 2011-06-30T17:37:11+08:00 ] NOTIC: [8] Undefined variable: menuTag a7e83d789bc162c582da59def6e0b6ea.php 第 22 行.
[ 2011-06-30T17:37:11+08:00 ] NOTIC: [8] Undefined variable: menuTag a7e83d789bc162c582da59def6e0b6ea.php 第 22 行.
[ 2011-06-30T17:37:11+08:00 ] NOTIC: [8] Undefined variable: menuTag a7e83d789bc162c582da59def6e0b6ea.php 第 22 行.
[ 2011-06-30T17:37:11+08:00 ] NOTIC: [8] Undefined variable: menuTag a7e83d789bc162c582da59def6e0b6ea.php 第 22 行.
[ 2011-06-30T17:37:11+08:00 ] NOTIC: [8] Undefined variable: menuTag a7e83d789bc162c582da59def6e0b6ea.php 第 22 行.
[ 2011-06-30T17:37:11+08:00 ] NOTIC: [8] Undefined variable: menuTag a7e83d789bc162c582da59def6e0b6ea.php 第 22 行.
[ 2011-06-30T17:37:11+08:00 ] NOTIC: [8] Undefined variable: menuTag a7e83d789bc162c582da59def6e0b6ea.php 第 22 行.
[ 2011-06-30T17:37:11+08:00 ] NOTIC: [8] Undefined variable: menuTag a7e83d789bc162c582da59def6e0b6ea.php 第 22 行.
[ 2011-06-30T17:37:11+08:00 ] NOTIC: [8] Undefined variable: menuTag a7e83d789bc162c582da59def6e0b6ea.php 第 22 行.
[ 2011-06-30T17:37:11+08:00 ] NOTIC: [8] Undefined variable: menuTag a7e83d789bc162c582da59def6e0b6ea.php 第 22 行.
[ 2011-06-30T17:37:11+08:00 ] NOTIC: [8] Undefined variable: menuTag a7e83d789bc162c582da59def6e0b6ea.php 第 22 行.
[ 2011-06-30T17:37:11+08:00 ] NOTIC: [8] Undefined variable: menuTag a7e83d789bc162c582da59def6e0b6ea.php 第 22 行.
[ 2011-06-30T17:37:11+08:00 ] NOTIC: [8] Undefined variable: menuTag a7e83d789bc162c582da59def6e0b6ea.php 第 22 行.
[ 2011-06-30T17:37:11+08:00 ] NOTIC: [8] Undefined variable: menuTag a7e83d789bc162c582da59def6e0b6ea.php 第 22 行.
[ 2011-06-30T17:37:11+08:00 ] NOTIC: [8] Undefined variable: menuTag a7e83d789bc162c582da59def6e0b6ea.php 第 22 行.
[ 2011-06-30T17:37:11+08:00 ] NOTIC: [8] Undefined variable: menuTag a7e83d789bc162c582da59def6e0b6ea.php 第 22 行.
[ 2011-06-30T17:37:11+08:00 ] NOTIC: [8] Undefined variable: menuTag a7e83d789bc162c582da59def6e0b6ea.php 第 22 行.
[ 2011-06-30T17:37:11+08:00 ] NOTIC: [8] Undefined variable: menuTag a7e83d789bc162c582da59def6e0b6ea.php 第 22 行.
[ 2011-06-30T17:37:11+08:00 ] NOTIC: [8] Undefined variable: menuTag a7e83d789bc162c582da59def6e0b6ea.php 第 22 行.
[ 2011-06-30T17:37:11+08:00 ] NOTIC: [8] Undefined variable: menuTag a7e83d789bc162c582da59def6e0b6ea.php 第 22 行.
[ 2011-06-30T17:37:11+08:00 ] NOTIC: [8] Undefined variable: menuTag a7e83d789bc162c582da59def6e0b6ea.php 第 22 行.
[ 2011-06-30T17:37:11+08:00 ] NOTIC: [8] Undefined variable: menuTag a7e83d789bc162c582da59def6e0b6ea.php 第 22 行.
[ 2011-06-30T17:37:11+08:00 ] NOTIC: [8] Undefined variable: menuTag a7e83d789bc162c582da59def6e0b6ea.php 第 22 行.
[ 2011-06-30T17:37:11+08:00 ] NOTIC: [8] Undefined variable: menuTag a7e83d789bc162c582da59def6e0b6ea.php 第 22 行.
[ 2011-06-30T17:37:11+08:00 ] NOTIC: [8] Undefined variable: menuTag a7e83d789bc162c582da59def6e0b6ea.php 第 22 行.
[ 2011-06-30T17:37:11+08:00 ] NOTIC: [8] Undefined variable: menuTag a7e83d789bc162c582da59def6e0b6ea.php 第 22 行.
[ 2011-06-30T17:37:11+08:00 ] NOTIC: [8] Undefined variable: menuTag a7e83d789bc162c582da59def6e0b6ea.php 第 22 行.
[ 2011-06-30T17:37:11+08:00 ] NOTIC: [8] Undefined variable: menuTag a7e83d789bc162c582da59def6e0b6ea.php 第 22 行.
[ 2011-06-30T17:37:11+08:00 ] NOTIC: [8] Undefined variable: menuTag a7e83d789bc162c582da59def6e0b6ea.php 第 22 行.
[ 2011-06-30T17:37:11+08:00 ] NOTIC: [8] Undefined variable: menuTag a7e83d789bc162c582da59def6e0b6ea.php 第 22 行.
[ 2011-06-30T17:37:11+08:00 ] NOTIC: [8] Undefined variable: menuTag a7e83d789bc162c582da59def6e0b6ea.php 第 22 行.
[ 2011-06-30T17:37:11+08:00 ] NOTIC: [8] Undefined variable: menuTag a7e83d789bc162c582da59def6e0b6ea.php 第 22 行.
[ 2011-06-30T17:37:11+08:00 ] NOTIC: [8] Undefined variable: menuTag a7e83d789bc162c582da59def6e0b6ea.php 第 22 行.
[ 2011-06-30T17:37:12+08:00 ] SQL: SHOW COLUMNS FROM `think_group` [ RunTime:0.245339s ]
[ 2011-06-30T17:37:12+08:00 ] SQL: SELECT id,title FROM `think_group` WHERE status=1 [ RunTime:0.039371s ]
[ 2011-06-30T17:37:41+08:00 ] SQL: SHOW COLUMNS FROM `think_user` [ RunTime:0.000989s ]
[ 2011-06-30T17:37:41+08:00 ] SQL: SELECT * FROM `think_user` WHERE ( `account` = 'admin' ) AND ( `status` > 0 ) LIMIT 1  [ RunTime:0.039713s ]
[ 2011-06-30T17:37:41+08:00 ] SQL: UPDATE `think_user` SET `last_login_time`=1309426661,`login_count`=login_count+1,`last_login_ip`='127.0.0.1' WHERE ( `id` = '1' ) [ RunTime:0.000245s ]
[ 2011-06-30T17:37:41+08:00 ] SQL: SHOW COLUMNS FROM `think_group` [ RunTime:0.000802s ]
[ 2011-06-30T17:37:41+08:00 ] SQL: SELECT id,title FROM `think_group` WHERE status=1 [ RunTime:0.000290s ]
[ 2011-06-30T17:37:41+08:00 ] SQL: SHOW COLUMNS FROM `think_node` [ RunTime:0.000816s ]
[ 2011-06-30T17:37:41+08:00 ] SQL: SELECT `id` FROM `think_node` LIMIT 1  [ RunTime:0.000248s ]
[ 2011-06-30T17:37:41+08:00 ] SQL: SELECT id,name,group_id,title FROM `think_node` WHERE ( `level` = 2 ) AND ( `status` = 1 ) AND ( `pid` = '1' ) ORDER BY sort asc [ RunTime:0.001349s ]
[ 2011-06-30T17:37:41+08:00 ] NOTIC: [8] Undefined index: _ACCESS_LIST PublicAction.class.php 第 55 行.
[ 2011-06-30T17:37:41+08:00 ] NOTIC: [8] Undefined variable: menuTag a7e83d789bc162c582da59def6e0b6ea.php 第 22 行.
[ 2011-06-30T17:37:41+08:00 ] NOTIC: [8] Undefined variable: menuTag a7e83d789bc162c582da59def6e0b6ea.php 第 22 行.
[ 2011-06-30T17:37:41+08:00 ] NOTIC: [8] Undefined variable: menuTag a7e83d789bc162c582da59def6e0b6ea.php 第 22 行.
[ 2011-06-30T17:37:41+08:00 ] NOTIC: [8] Undefined variable: menuTag a7e83d789bc162c582da59def6e0b6ea.php 第 22 行.
[ 2011-06-30T17:37:41+08:00 ] NOTIC: [8] Undefined variable: menuTag a7e83d789bc162c582da59def6e0b6ea.php 第 22 行.
[ 2011-06-30T17:37:41+08:00 ] NOTIC: [8] Undefined variable: menuTag a7e83d789bc162c582da59def6e0b6ea.php 第 22 行.
[ 2011-06-30T17:37:41+08:00 ] NOTIC: [8] Undefined variable: menuTag a7e83d789bc162c582da59def6e0b6ea.php 第 22 行.
[ 2011-06-30T17:37:41+08:00 ] NOTIC: [8] Undefined variable: menuTag a7e83d789bc162c582da59def6e0b6ea.php 第 22 行.
[ 2011-06-30T17:37:41+08:00 ] NOTIC: [8] Undefined variable: menuTag a7e83d789bc162c582da59def6e0b6ea.php 第 22 行.
[ 2011-06-30T17:37:47+08:00 ] SQL: SHOW COLUMNS FROM `think_tablelist` [ RunTime:0.034414s ]
[ 2011-06-30T17:37:47+08:00 ] SQL: SELECT * FROM `think_tablelist` [ RunTime:0.009236s ]
[ 2011-06-30T17:46:00+08:00 ] SQL: SHOW COLUMNS FROM `think_tablelist` [ RunTime:0.000842s ]
[ 2011-06-30T17:46:00+08:00 ] SQL: SELECT * FROM `think_tablelist` [ RunTime:0.000223s ]
[ 2011-06-30T18:10:19+08:00 ] ERR: (ThinkException) Access denied for user 'root'@'localhost' (using password: NO)
[ 2011-06-30T18:10:23+08:00 ] ERR: (ThinkException) Access denied for user 'root'@'localhost' (using password: NO)
[ 2011-06-30T18:10:28+08:00 ] ERR: (ThinkException) Access denied for user 'root'@'localhost' (using password: NO)
[ 2011-06-30T18:10:33+08:00 ] ERR: (ThinkException) Access denied for user 'root'@'localhost' (using password: NO)
[ 2011-06-30T18:36:45+08:00 ] SQL: SHOW COLUMNS FROM `think_user` [ RunTime:0.001114s ]
[ 2011-06-30T18:36:45+08:00 ] SQL: SELECT * FROM `think_user` WHERE ( `account` = 'admin' ) AND ( `status` > 0 ) LIMIT 1  [ RunTime:0.000974s ]
[ 2011-06-30T18:36:45+08:00 ] SQL: UPDATE `think_user` SET `last_login_time`=1309430205,`login_count`=login_count+1,`last_login_ip`='127.0.0.1' WHERE ( `id` = '1' ) [ RunTime:0.000127s ]
[ 2011-06-30T18:36:45+08:00 ] SQL: SHOW COLUMNS FROM `think_node` [ RunTime:0.000881s ]
[ 2011-06-30T18:36:45+08:00 ] SQL: SELECT `id` FROM `think_node` LIMIT 1  [ RunTime:0.000378s ]
[ 2011-06-30T18:36:45+08:00 ] SQL: SELECT id,name,group_id,title FROM `think_node` WHERE ( `level` = 2 ) AND ( `status` = 1 ) AND ( `pid` = '1' ) ORDER BY sort asc [ RunTime:0.000237s ]
[ 2011-06-30T18:36:45+08:00 ] NOTIC: [8] Undefined index: _ACCESS_LIST PublicAction.class.php 第 55 行.
[ 2011-06-30T18:36:45+08:00 ] NOTIC: [8] Undefined variable: menuTag a7e83d789bc162c582da59def6e0b6ea.php 第 22 行.
[ 2011-06-30T18:36:45+08:00 ] NOTIC: [8] Undefined variable: menuTag a7e83d789bc162c582da59def6e0b6ea.php 第 22 行.
[ 2011-06-30T18:36:45+08:00 ] NOTIC: [8] Undefined variable: menuTag a7e83d789bc162c582da59def6e0b6ea.php 第 22 行.
[ 2011-06-30T18:36:45+08:00 ] NOTIC: [8] Undefined variable: menuTag a7e83d789bc162c582da59def6e0b6ea.php 第 22 行.
[ 2011-06-30T18:36:45+08:00 ] NOTIC: [8] Undefined variable: menuTag a7e83d789bc162c582da59def6e0b6ea.php 第 22 行.
[ 2011-06-30T18:36:45+08:00 ] NOTIC: [8] Undefined variable: menuTag a7e83d789bc162c582da59def6e0b6ea.php 第 22 行.
[ 2011-06-30T18:36:45+08:00 ] NOTIC: [8] Undefined variable: menuTag a7e83d789bc162c582da59def6e0b6ea.php 第 22 行.
[ 2011-06-30T18:36:45+08:00 ] NOTIC: [8] Undefined variable: menuTag a7e83d789bc162c582da59def6e0b6ea.php 第 22 行.
[ 2011-06-30T18:36:45+08:00 ] NOTIC: [8] Undefined variable: menuTag a7e83d789bc162c582da59def6e0b6ea.php 第 22 行.
[ 2011-06-30T18:36:45+08:00 ] SQL: SHOW COLUMNS FROM `think_group` [ RunTime:0.000910s ]
[ 2011-06-30T18:36:45+08:00 ] SQL: SELECT id,title FROM `think_group` WHERE status=1 [ RunTime:0.000237s ]
